<?xml version="1.0" encoding="UTF-8"?>
<!-- Generated by org.testng.reporters.JUnitReportReporter -->
<testsuite hostname="ThinkpadT430-PC" failures="0" tests="4" name="tests.Factorial_Test" time="28.041" errors="0" timestamp="22 Sep 2020 17:13:54 GMT" skipped="0">
  <testcase classname="tests.Factorial_Test" name="verifyButton" time="7.156"/>
  <testcase classname="tests.Factorial_Test" name="verifyText" time="8.803"/>
  <testcase classname="tests.Factorial_Test" name="verifyTitle" time="5.902"/>
  <testcase classname="tests.Factorial_Test" name="verifyError" time="6.180"/>
</testsuite> <!-- tests.Factorial_Test -->
